<?xml version="1.0" encoding="UTF-8"?>
<testng-results ignored="0" total="1" passed="1" failed="0" skipped="0">
  <reporter-output>
  </reporter-output>
  <suite started-at="2021-06-06T19:35:50 PKT" name="Default suite" finished-at="2021-06-06T19:36:04 PKT" duration-ms="13484">
    <groups>
    </groups>
    <test started-at="2021-06-06T19:35:50 PKT" name="Default test" finished-at="2021-06-06T19:36:04 PKT" duration-ms="13484">
      <class name="cyborgensys.ExtentReports.ExtentReportsDemo">
        <test-method is-config="true" signature="config()[pri:0, instance:cyborgensys.ExtentReports.ExtentReportsDemo@2a54a73f]" started-at="2021-06-06T19:35:50 PKT" name="config" finished-at="2021-06-06T19:35:51 PKT" duration-ms="587" status="PASS">
          <reporter-output>
          </reporter-output>
        </test-method> <!-- config -->
        <test-method signature="initialDemo()[pri:0, instance:cyborgensys.ExtentReports.ExtentReportsDemo@2a54a73f]" started-at="2021-06-06T19:35:51 PKT" name="initialDemo" finished-at="2021-06-06T19:36:04 PKT" duration-ms="12827" status="PASS">
          <reporter-output>
          </reporter-output>
        </test-method> <!-- initialDemo -->
      </class> <!-- cyborgensys.ExtentReports.ExtentReportsDemo -->
    </test> <!-- Default test -->
  </suite> <!-- Default suite -->
</testng-results>
